# JRE version: Java(TM) SE Runtime Environment (8.0_144-b01) (build 1.8.0_144-b01)
# Java VM: Java HotSpot(TM) 64-Bit Server VM (25.144-b01 mixed mode windows-amd64 compressed oops)
Heap:
 PSYoungGen      total 76288K, used 8152K [0x000000076af80000, 0x0000000773380000, 0x00000007c0000000)
  eden space 65536K, 8% used [0x000000076af80000,0x000000076b50c490,0x000000076ef80000)
  from space 10752K, 22% used [0x000000076ef80000,0x000000076f1e9e98,0x000000076fa00000)
  to   space 10752K, 0% used [0x0000000772900000,0x0000000772900000,0x0000000773380000)
 ParOldGen       total 83456K, used 4453K [0x00000006c0e00000, 0x00000006c5f80000, 0x000000076af80000)
  object space 83456K, 5% used [0x00000006c0e00000,0x00000006c12595b8,0x00000006c5f80000)
 Metaspace       used 25549K, capacity 25792K, committed 26240K, reserved 1073152K
  class space    used 2834K, capacity 2931K, committed 2944K, reserved 1048576K
GC Heap History (8 events):
Event: 2.025 GC heap before
{Heap before GC invocations=1 (full 0):
 PSYoungGen      total 76288K, used 65536K [0x000000076af80000, 0x0000000770480000, 0x00000007c0000000)
  eden space 65536K, 100% used [0x000000076af80000,0x000000076ef80000,0x000000076ef80000)
  from space 10752K, 0% used [0x000000076fa00000,0x000000076fa00000,0x0000000770480000)
  to   space 10752K, 0% used [0x000000076ef80000,0x000000076ef80000,0x000000076fa00000)
 ParOldGen       total 175104K, used 0K [0x00000006c0e00000, 0x00000006cb900000, 0x000000076af80000)
  object space 175104K, 0% used [0x00000006c0e00000,0x00000006c0e00000,0x00000006cb900000)
 Metaspace       used 19409K, capacity 19658K, committed 19968K, reserved 1067008K
  class space    used 2130K, capacity 2220K, committed 2304K, reserved 1048576K
Event: 2.035 GC heap after
Heap after GC invocations=1 (full 0):
 PSYoungGen      total 76288K, used 6844K [0x000000076af80000, 0x0000000770480000, 0x00000007c0000000)
  eden space 65536K, 0% used [0x000000076af80000,0x000000076af80000,0x000000076ef80000)
  from space 10752K, 63% used [0x000000076ef80000,0x000000076f62f1a8,0x000000076fa00000)
  to   space 10752K, 0% used [0x000000076fa00000,0x000000076fa00000,0x0000000770480000)
 ParOldGen       total 175104K, used 16K [0x00000006c0e00000, 0x00000006cb900000, 0x000000076af80000)
  object space 175104K, 0% used [0x00000006c0e00000,0x00000006c0e04000,0x00000006cb900000)
 Metaspace       used 19409K, capacity 19658K, committed 19968K, reserved 1067008K
  class space    used 2130K, capacity 2220K, committed 2304K, reserved 1048576K
}
Event: 2.120 GC heap before
{Heap before GC invocations=2 (full 0):
 PSYoungGen      total 76288K, used 15510K [0x000000076af80000, 0x0000000770480000, 0x00000007c0000000)
  eden space 65536K, 13% used [0x000000076af80000,0x000000076b7f6688,0x000000076ef80000)
  from space 10752K, 63% used [0x000000076ef80000,0x000000076f62f1a8,0x000000076fa00000)
  to   space 10752K, 0% used [0x000000076fa00000,0x000000076fa00000,0x0000000770480000)
 ParOldGen       total 175104K, used 16K [0x00000006c0e00000, 0x00000006cb900000, 0x000000076af80000)
  object space 175104K, 0% used [0x00000006c0e00000,0x00000006c0e04000,0x00000006cb900000)
 Metaspace       used 20914K, capacity 21072K, committed 21296K, reserved 1069056K
  class space    used 2345K, capacity 2413K, committed 2432K, reserved 1048576K
Event: 2.127 GC heap after
Heap after GC invocations=2 (full 0):
 PSYoungGen      total 76288K, used 4609K [0x000000076af80000, 0x0000000774480000, 0x00000007c0000000)
  eden space 65536K, 0% used [0x000000076af80000,0x000000076af80000,0x000000076ef80000)
  from space 10752K, 42% used [0x000000076fa00000,0x000000076fe80428,0x0000000770480000)
  to   space 10752K, 0% used [0x000000076ef80000,0x000000076ef80000,0x000000076fa00000)
 ParOldGen       total 175104K, used 24K [0x00000006c0e00000, 0x00000006cb900000, 0x000000076af80000)
  object space 175104K, 0% used [0x00000006c0e00000,0x00000006c0e06000,0x00000006cb900000)
 Metaspace       used 20914K, capacity 21072K, committed 21296K, reserved 1069056K
  class space    used 2345K, capacity 2413K, committed 2432K, reserved 1048576K
}
Event: 2.127 GC heap before
{Heap before GC invocations=3 (full 1):
 PSYoungGen      total 76288K, used 4609K [0x000000076af80000, 0x0000000774480000, 0x00000007c0000000)
  eden space 65536K, 0% used [0x000000076af80000,0x000000076af80000,0x000000076ef80000)
  from space 10752K, 42% used [0x000000076fa00000,0x000000076fe80428,0x0000000770480000)
  to   space 10752K, 0% used [0x000000076ef80000,0x000000076ef80000,0x000000076fa00000)
 ParOldGen       total 175104K, used 24K [0x00000006c0e00000, 0x00000006cb900000, 0x000000076af80000)
  object space 175104K, 0% used [0x00000006c0e00000,0x00000006c0e06000,0x00000006cb900000)
 Metaspace       used 20914K, capacity 21072K, committed 21296K, reserved 1069056K
  class space    used 2345K, capacity 2413K, committed 2432K, reserved 1048576K
Event: 2.147 GC heap after
Heap after GC invocations=3 (full 1):
 PSYoungGen      total 76288K, used 0K [0x000000076af80000, 0x0000000774480000, 0x00000007c0000000)
  eden space 65536K, 0% used [0x000000076af80000,0x000000076af80000,0x000000076ef80000)
  from space 10752K, 0% used [0x000000076fa00000,0x000000076fa00000,0x0000000770480000)
  to   space 10752K, 0% used [0x000000076ef80000,0x000000076ef80000,0x000000076fa00000)
 ParOldGen       total 83456K, used 4445K [0x00000006c0e00000, 0x00000006c5f80000, 0x000000076af80000)
  object space 83456K, 5% used [0x00000006c0e00000,0x00000006c12575b8,0x00000006c5f80000)
 Metaspace       used 20914K, capacity 21072K, committed 21296K, reserved 1069056K
  class space    used 2345K, capacity 2413K, committed 2432K, reserved 1048576K
}
Event: 68.310 GC heap before
{Heap before GC invocations=4 (full 1):
 PSYoungGen      total 76288K, used 65536K [0x000000076af80000, 0x0000000774480000, 0x00000007c0000000)
  eden space 65536K, 100% used [0x000000076af80000,0x000000076ef80000,0x000000076ef80000)
  from space 10752K, 0% used [0x000000076fa00000,0x000000076fa00000,0x0000000770480000)
  to   space 10752K, 0% used [0x000000076ef80000,0x000000076ef80000,0x000000076fa00000)
 ParOldGen       total 83456K, used 4445K [0x00000006c0e00000, 0x00000006c5f80000, 0x000000076af80000)
  object space 83456K, 5% used [0x00000006c0e00000,0x00000006c12575b8,0x00000006c5f80000)
 Metaspace       used 25509K, capacity 25792K, committed 26240K, reserved 1073152K
  class space    used 2829K, capacity 2931K, committed 2944K, reserved 1048576K
Event: 68.313 GC heap after
Heap after GC invocations=4 (full 1):
 PSYoungGen      total 76288K, used 2471K [0x000000076af80000, 0x0000000773380000, 0x00000007c0000000)
  eden space 65536K, 0% used [0x000000076af80000,0x000000076af80000,0x000000076ef80000)
  from space 10752K, 22% used [0x000000076ef80000,0x000000076f1e9e98,0x000000076fa00000)
  to   space 10752K, 0% used [0x0000000772900000,0x0000000772900000,0x0000000773380000)
 ParOldGen       total 83456K, used 4453K [0x00000006c0e00000, 0x00000006c5f80000, 0x000000076af80000)
  object space 83456K, 5% used [0x00000006c0e00000,0x00000006c12595b8,0x00000006c5f80000)
 Metaspace       used 25509K, capacity 25792K, committed 26240K, reserved 1073152K
  class space    used 2829K, capacity 2931K, committed 2944K, reserved 1048576K
}

