# JRE version: Java(TM) SE Runtime Environment (8.0_144-b01) (build 1.8.0_144-b01)
# Java VM: Java HotSpot(TM) 64-Bit Server VM (25.144-b01 mixed mode windows-amd64 compressed oops)
Heap:
 PSYoungGen      total 76288K, used 61015K [0x000000076af80000, 0x0000000772f80000, 0x00000007c0000000)
  eden space 65536K, 89% used [0x000000076af80000,0x000000076e8bb318,0x000000076ef80000)
  from space 10752K, 22% used [0x000000076ef80000,0x000000076f1da970,0x000000076fa00000)
  to   space 10752K, 0% used [0x0000000772500000,0x0000000772500000,0x0000000772f80000)
 ParOldGen       total 86528K, used 4453K [0x00000006c0e00000, 0x00000006c6280000, 0x000000076af80000)
  object space 86528K, 5% used [0x00000006c0e00000,0x00000006c1259468,0x00000006c6280000)
 Metaspace       used 25690K, capacity 25888K, committed 26240K, reserved 1073152K
  class space    used 2826K, capacity 2899K, committed 2944K, reserved 1048576K
GC Heap History (8 events):
Event: 1.782 GC heap before
{Heap before GC invocations=1 (full 0):
 PSYoungGen      total 76288K, used 65536K [0x000000076af80000, 0x0000000770480000, 0x00000007c0000000)
  eden space 65536K, 100% used [0x000000076af80000,0x000000076ef80000,0x000000076ef80000)
  from space 10752K, 0% used [0x000000076fa00000,0x000000076fa00000,0x0000000770480000)
  to   space 10752K, 0% used [0x000000076ef80000,0x000000076ef80000,0x000000076fa00000)
 ParOldGen       total 175104K, used 0K [0x00000006c0e00000, 0x00000006cb900000, 0x000000076af80000)
  object space 175104K, 0% used [0x00000006c0e00000,0x00000006c0e00000,0x00000006cb900000)
 Metaspace       used 19403K, capacity 19626K, committed 19968K, reserved 1067008K
  class space    used 2123K, capacity 2188K, committed 2304K, reserved 1048576K
Event: 1.794 GC heap after
Heap after GC invocations=1 (full 0):
 PSYoungGen      total 76288K, used 6870K [0x000000076af80000, 0x0000000770480000, 0x00000007c0000000)
  eden space 65536K, 0% used [0x000000076af80000,0x000000076af80000,0x000000076ef80000)
  from space 10752K, 63% used [0x000000076ef80000,0x000000076f635ad8,0x000000076fa00000)
  to   space 10752K, 0% used [0x000000076fa00000,0x000000076fa00000,0x0000000770480000)
 ParOldGen       total 175104K, used 16K [0x00000006c0e00000, 0x00000006cb900000, 0x000000076af80000)
  object space 175104K, 0% used [0x00000006c0e00000,0x00000006c0e04000,0x00000006cb900000)
 Metaspace       used 19403K, capacity 19626K, committed 19968K, reserved 1067008K
  class space    used 2123K, capacity 2188K, committed 2304K, reserved 1048576K
}
Event: 1.899 GC heap before
{Heap before GC invocations=2 (full 0):
 PSYoungGen      total 76288K, used 15537K [0x000000076af80000, 0x0000000770480000, 0x00000007c0000000)
  eden space 65536K, 13% used [0x000000076af80000,0x000000076b7f6d20,0x000000076ef80000)
  from space 10752K, 63% used [0x000000076ef80000,0x000000076f635ad8,0x000000076fa00000)
  to   space 10752K, 0% used [0x000000076fa00000,0x000000076fa00000,0x0000000770480000)
 ParOldGen       total 175104K, used 16K [0x00000006c0e00000, 0x00000006cb900000, 0x000000076af80000)
  object space 175104K, 0% used [0x00000006c0e00000,0x00000006c0e04000,0x00000006cb900000)
 Metaspace       used 20909K, capacity 21072K, committed 21296K, reserved 1069056K
  class space    used 2339K, capacity 2413K, committed 2432K, reserved 1048576K
Event: 1.907 GC heap after
Heap after GC invocations=2 (full 0):
 PSYoungGen      total 76288K, used 4558K [0x000000076af80000, 0x0000000774480000, 0x00000007c0000000)
  eden space 65536K, 0% used [0x000000076af80000,0x000000076af80000,0x000000076ef80000)
  from space 10752K, 42% used [0x000000076fa00000,0x000000076fe73998,0x0000000770480000)
  to   space 10752K, 0% used [0x000000076ef80000,0x000000076ef80000,0x000000076fa00000)
 ParOldGen       total 175104K, used 24K [0x00000006c0e00000, 0x00000006cb900000, 0x000000076af80000)
  object space 175104K, 0% used [0x00000006c0e00000,0x00000006c0e06000,0x00000006cb900000)
 Metaspace       used 20909K, capacity 21072K, committed 21296K, reserved 1069056K
  class space    used 2339K, capacity 2413K, committed 2432K, reserved 1048576K
}
Event: 1.907 GC heap before
{Heap before GC invocations=3 (full 1):
 PSYoungGen      total 76288K, used 4558K [0x000000076af80000, 0x0000000774480000, 0x00000007c0000000)
  eden space 65536K, 0% used [0x000000076af80000,0x000000076af80000,0x000000076ef80000)
  from space 10752K, 42% used [0x000000076fa00000,0x000000076fe73998,0x0000000770480000)
  to   space 10752K, 0% used [0x000000076ef80000,0x000000076ef80000,0x000000076fa00000)
 ParOldGen       total 175104K, used 24K [0x00000006c0e00000, 0x00000006cb900000, 0x000000076af80000)
  object space 175104K, 0% used [0x00000006c0e00000,0x00000006c0e06000,0x00000006cb900000)
 Metaspace       used 20909K, capacity 21072K, committed 21296K, reserved 1069056K
  class space    used 2339K, capacity 2413K, committed 2432K, reserved 1048576K
Event: 1.929 GC heap after
Heap after GC invocations=3 (full 1):
 PSYoungGen      total 76288K, used 0K [0x000000076af80000, 0x0000000774480000, 0x00000007c0000000)
  eden space 65536K, 0% used [0x000000076af80000,0x000000076af80000,0x000000076ef80000)
  from space 10752K, 0% used [0x000000076fa00000,0x000000076fa00000,0x0000000770480000)
  to   space 10752K, 0% used [0x000000076ef80000,0x000000076ef80000,0x000000076fa00000)
 ParOldGen       total 86528K, used 4445K [0x00000006c0e00000, 0x00000006c6280000, 0x000000076af80000)
  object space 86528K, 5% used [0x00000006c0e00000,0x00000006c1257468,0x00000006c6280000)
 Metaspace       used 20909K, capacity 21072K, committed 21296K, reserved 1069056K
  class space    used 2339K, capacity 2413K, committed 2432K, reserved 1048576K
}
Event: 25.555 GC heap before
{Heap before GC invocations=4 (full 1):
 PSYoungGen      total 76288K, used 65536K [0x000000076af80000, 0x0000000774480000, 0x00000007c0000000)
  eden space 65536K, 100% used [0x000000076af80000,0x000000076ef80000,0x000000076ef80000)
  from space 10752K, 0% used [0x000000076fa00000,0x000000076fa00000,0x0000000770480000)
  to   space 10752K, 0% used [0x000000076ef80000,0x000000076ef80000,0x000000076fa00000)
 ParOldGen       total 86528K, used 4445K [0x00000006c0e00000, 0x00000006c6280000, 0x000000076af80000)
  object space 86528K, 5% used [0x00000006c0e00000,0x00000006c1257468,0x00000006c6280000)
 Metaspace       used 25540K, capacity 25728K, committed 26240K, reserved 1073152K
  class space    used 2805K, capacity 2867K, committed 2944K, reserved 1048576K
Event: 25.558 GC heap after
Heap after GC invocations=4 (full 1):
 PSYoungGen      total 76288K, used 2410K [0x000000076af80000, 0x0000000772f80000, 0x00000007c0000000)
  eden space 65536K, 0% used [0x000000076af80000,0x000000076af80000,0x000000076ef80000)
  from space 10752K, 22% used [0x000000076ef80000,0x000000076f1da970,0x000000076fa00000)
  to   space 10752K, 0% used [0x0000000772500000,0x0000000772500000,0x0000000772f80000)
 ParOldGen       total 86528K, used 4453K [0x00000006c0e00000, 0x00000006c6280000, 0x000000076af80000)
  object space 86528K, 5% used [0x00000006c0e00000,0x00000006c1259468,0x00000006c6280000)
 Metaspace       used 25540K, capacity 25728K, committed 26240K, reserved 1073152K
  class space    used 2805K, capacity 2867K, committed 2944K, reserved 1048576K
}

