# JRE version: Java(TM) SE Runtime Environment (8.0_144-b01) (build 1.8.0_144-b01)
# Java VM: Java HotSpot(TM) 64-Bit Server VM (25.144-b01 mixed mode windows-amd64 compressed oops)
Heap:
 PSYoungGen      total 76288K, used 65432K [0x000000076af80000, 0x0000000774480000, 0x00000007c0000000)
  eden space 65536K, 99% used [0x000000076af80000,0x000000076ef66338,0x000000076ef80000)
  from space 10752K, 0% used [0x000000076fa00000,0x000000076fa00000,0x0000000770480000)
  to   space 10752K, 0% used [0x000000076ef80000,0x000000076ef80000,0x000000076fa00000)
 ParOldGen       total 85504K, used 4445K [0x00000006c0e00000, 0x00000006c6180000, 0x000000076af80000)
  object space 85504K, 5% used [0x00000006c0e00000,0x00000006c1257520,0x00000006c6180000)
 Metaspace       used 25612K, capacity 25824K, committed 26240K, reserved 1073152K
  class space    used 2827K, capacity 2899K, committed 2944K, reserved 1048576K
GC Heap History (6 events):
Event: 2.200 GC heap before
{Heap before GC invocations=1 (full 0):
 PSYoungGen      total 76288K, used 65536K [0x000000076af80000, 0x0000000770480000, 0x00000007c0000000)
  eden space 65536K, 100% used [0x000000076af80000,0x000000076ef80000,0x000000076ef80000)
  from space 10752K, 0% used [0x000000076fa00000,0x000000076fa00000,0x0000000770480000)
  to   space 10752K, 0% used [0x000000076ef80000,0x000000076ef80000,0x000000076fa00000)
 ParOldGen       total 175104K, used 0K [0x00000006c0e00000, 0x00000006cb900000, 0x000000076af80000)
  object space 175104K, 0% used [0x00000006c0e00000,0x00000006c0e00000,0x00000006cb900000)
 Metaspace       used 19403K, capacity 19626K, committed 19968K, reserved 1067008K
  class space    used 2123K, capacity 2188K, committed 2304K, reserved 1048576K
Event: 2.211 GC heap after
Heap after GC invocations=1 (full 0):
 PSYoungGen      total 76288K, used 6823K [0x000000076af80000, 0x0000000770480000, 0x00000007c0000000)
  eden space 65536K, 0% used [0x000000076af80000,0x000000076af80000,0x000000076ef80000)
  from space 10752K, 63% used [0x000000076ef80000,0x000000076f629c28,0x000000076fa00000)
  to   space 10752K, 0% used [0x000000076fa00000,0x000000076fa00000,0x0000000770480000)
 ParOldGen       total 175104K, used 16K [0x00000006c0e00000, 0x00000006cb900000, 0x000000076af80000)
  object space 175104K, 0% used [0x00000006c0e00000,0x00000006c0e04000,0x00000006cb900000)
 Metaspace       used 19403K, capacity 19626K, committed 19968K, reserved 1067008K
  class space    used 2123K, capacity 2188K, committed 2304K, reserved 1048576K
}
Event: 2.296 GC heap before
{Heap before GC invocations=2 (full 0):
 PSYoungGen      total 76288K, used 15488K [0x000000076af80000, 0x0000000770480000, 0x00000007c0000000)
  eden space 65536K, 13% used [0x000000076af80000,0x000000076b7f66a8,0x000000076ef80000)
  from space 10752K, 63% used [0x000000076ef80000,0x000000076f629c28,0x000000076fa00000)
  to   space 10752K, 0% used [0x000000076fa00000,0x000000076fa00000,0x0000000770480000)
 ParOldGen       total 175104K, used 16K [0x00000006c0e00000, 0x00000006cb900000, 0x000000076af80000)
  object space 175104K, 0% used [0x00000006c0e00000,0x00000006c0e04000,0x00000006cb900000)
 Metaspace       used 20908K, capacity 21072K, committed 21296K, reserved 1069056K
  class space    used 2339K, capacity 2413K, committed 2432K, reserved 1048576K
Event: 2.301 GC heap after
Heap after GC invocations=2 (full 0):
 PSYoungGen      total 76288K, used 4638K [0x000000076af80000, 0x0000000774480000, 0x00000007c0000000)
  eden space 65536K, 0% used [0x000000076af80000,0x000000076af80000,0x000000076ef80000)
  from space 10752K, 43% used [0x000000076fa00000,0x000000076fe87988,0x0000000770480000)
  to   space 10752K, 0% used [0x000000076ef80000,0x000000076ef80000,0x000000076fa00000)
 ParOldGen       total 175104K, used 24K [0x00000006c0e00000, 0x00000006cb900000, 0x000000076af80000)
  object space 175104K, 0% used [0x00000006c0e00000,0x00000006c0e06000,0x00000006cb900000)
 Metaspace       used 20908K, capacity 21072K, committed 21296K, reserved 1069056K
  class space    used 2339K, capacity 2413K, committed 2432K, reserved 1048576K
}
Event: 2.301 GC heap before
{Heap before GC invocations=3 (full 1):
 PSYoungGen      total 76288K, used 4638K [0x000000076af80000, 0x0000000774480000, 0x00000007c0000000)
  eden space 65536K, 0% used [0x000000076af80000,0x000000076af80000,0x000000076ef80000)
  from space 10752K, 43% used [0x000000076fa00000,0x000000076fe87988,0x0000000770480000)
  to   space 10752K, 0% used [0x000000076ef80000,0x000000076ef80000,0x000000076fa00000)
 ParOldGen       total 175104K, used 24K [0x00000006c0e00000, 0x00000006cb900000, 0x000000076af80000)
  object space 175104K, 0% used [0x00000006c0e00000,0x00000006c0e06000,0x00000006cb900000)
 Metaspace       used 20908K, capacity 21072K, committed 21296K, reserved 1069056K
  class space    used 2339K, capacity 2413K, committed 2432K, reserved 1048576K
Event: 2.322 GC heap after
Heap after GC invocations=3 (full 1):
 PSYoungGen      total 76288K, used 0K [0x000000076af80000, 0x0000000774480000, 0x00000007c0000000)
  eden space 65536K, 0% used [0x000000076af80000,0x000000076af80000,0x000000076ef80000)
  from space 10752K, 0% used [0x000000076fa00000,0x000000076fa00000,0x0000000770480000)
  to   space 10752K, 0% used [0x000000076ef80000,0x000000076ef80000,0x000000076fa00000)
 ParOldGen       total 85504K, used 4445K [0x00000006c0e00000, 0x00000006c6180000, 0x000000076af80000)
  object space 85504K, 5% used [0x00000006c0e00000,0x00000006c1257520,0x00000006c6180000)
 Metaspace       used 20908K, capacity 21072K, committed 21296K, reserved 1069056K
  class space    used 2339K, capacity 2413K, committed 2432K, reserved 1048576K
}

